<?xml version="1.0" encoding="UTF-8"?>
<testsuite name="com.musclefit.app.repo.CoachRepositoryStateMachineTest" tests="2" skipped="0" failures="0" errors="0" timestamp="2026-03-30T16:41:33.133Z" hostname="BensondeMac-mini.local" time="0.002">
  <properties/>
  <testcase name="adminCanHandleCoachAcceptedOnly" classname="com.musclefit.app.repo.CoachRepositoryStateMachineTest" time="0.002"/>
  <testcase name="coachCanHandlePendingOnly" classname="com.musclefit.app.repo.CoachRepositoryStateMachineTest" time="0.0"/>
  <system-out><![CDATA[]]></system-out>
  <system-err><![CDATA[]]></system-err>
</testsuite>
