<?xml version="1.0" encoding="UTF-8"?>
<testsuite name="com.musclefit.app.repo.InteractionToggleGuardTest" tests="2" skipped="0" failures="0" errors="0" timestamp="2026-03-30T16:41:33.137Z" hostname="BensondeMac-mini.local" time="0.0">
  <properties/>
  <testcase name="rapidClicksOnlyAllowFirst" classname="com.musclefit.app.repo.InteractionToggleGuardTest" time="0.0"/>
  <testcase name="inFlightBlocksConcurrentToggle" classname="com.musclefit.app.repo.InteractionToggleGuardTest" time="0.0"/>
  <system-out><![CDATA[]]></system-out>
  <system-err><![CDATA[]]></system-err>
</testsuite>
